<?xml version="1.0" encoding="UTF-8"?>
<testsuite name="tracker.SampleTest" tests="1" skipped="0" failures="0" errors="0" timestamp="2022-09-14T00:07:18" hostname="Edwins-MacBook-Air.local" time="0.007">
  <properties/>
  <testcase name="test()" classname="tracker.SampleTest" time="0.007"/>
  <system-out><![CDATA[]]></system-out>
  <system-err><![CDATA[]]></system-err>
</testsuite>
